<?xml version="1.0" encoding="UTF-8"?>
<!-- Generated by org.testng.reporters.JUnitXMLReporter -->
<testsuite ignored="0" hostname="Noahs-Laptop" failures="0" tests="4" name="Default test" time="0.101" errors="0" timestamp="2025-09-29T15:46:00 MESZ">
  <testcase classname="generics.TestPair1" name="testFirstfromPair" time="0.02"/>
  <testcase classname="generics.TestPair1" name="testSecondfromPair" time="0.003"/>
  <testcase classname="generics.TestPair1" name="testSwappedFirstfromPair" time="0.002"/>
  <testcase classname="generics.TestPair1" name="testSwappedSecondfromPair" time="0.002"/>
</testsuite> <!-- Default test -->
