<?xml version="1.0" encoding="UTF-8"?>
<testng-results ignored="0" total="4" passed="4" failed="0" skipped="0">
  <reporter-output>
  </reporter-output>
  <suite started-at="2025-09-29T15:46:00 MESZ" name="Default suite" finished-at="2025-09-29T15:46:00 MESZ" duration-ms="101">
    <groups>
    </groups>
    <test started-at="2025-09-29T15:46:00 MESZ" name="Default test" finished-at="2025-09-29T15:46:00 MESZ" duration-ms="101">
      <class name="generics.TestPair1">
        <test-method signature="testFirstfromPair()[pri:0, instance:generics.TestPair1@35cabb2a]" started-at="2025-09-29T15:46:00 MESZ" name="testFirstfromPair" finished-at="2025-09-29T15:46:00 MESZ" duration-ms="20" status="PASS">
          <reporter-output>
          </reporter-output>
        </test-method> <!-- testFirstfromPair -->
        <test-method signature="testSecondfromPair()[pri:0, instance:generics.TestPair1@35cabb2a]" started-at="2025-09-29T15:46:00 MESZ" name="testSecondfromPair" finished-at="2025-09-29T15:46:00 MESZ" duration-ms="3" status="PASS">
          <reporter-output>
          </reporter-output>
        </test-method> <!-- testSecondfromPair -->
        <test-method signature="testSwappedFirstfromPair()[pri:0, instance:generics.TestPair1@35cabb2a]" started-at="2025-09-29T15:46:00 MESZ" name="testSwappedFirstfromPair" finished-at="2025-09-29T15:46:00 MESZ" duration-ms="2" status="PASS">
          <reporter-output>
          </reporter-output>
        </test-method> <!-- testSwappedFirstfromPair -->
        <test-method signature="testSwappedSecondfromPair()[pri:0, instance:generics.TestPair1@35cabb2a]" started-at="2025-09-29T15:46:00 MESZ" name="testSwappedSecondfromPair" finished-at="2025-09-29T15:46:00 MESZ" duration-ms="2" status="PASS">
          <reporter-output>
          </reporter-output>
        </test-method> <!-- testSwappedSecondfromPair -->
      </class> <!-- generics.TestPair1 -->
    </test> <!-- Default test -->
  </suite> <!-- Default suite -->
</testng-results>
