<?xml version="1.0" encoding="UTF-8"?>
<!-- Generated by org.testng.reporters.JUnitReportReporter -->
<testsuite hostname="Noahs-Laptop" failures="0" tests="4" name="generics.TestPair1" time="0.027" errors="0" timestamp="2025-09-29T15:46:01 MESZ" skipped="0">
  <testcase classname="generics.TestPair1" name="testSecondfromPair" time="0.003"/>
  <testcase classname="generics.TestPair1" name="testFirstfromPair" time="0.020"/>
  <testcase classname="generics.TestPair1" name="testSwappedFirstfromPair" time="0.002"/>
  <testcase classname="generics.TestPair1" name="testSwappedSecondfromPair" time="0.002"/>
</testsuite> <!-- generics.TestPair1 -->
